  client.cpp
E:\junior1\ComputerNet\final_project\Project3_2\Project3_2Client\Project3_2Client\client.cpp(17,19): warning C4996: 'ctime': This function or variable may be unsafe. Consider using ctime_s instead. To disable deprecation, use _CRT_SECURE_NO_WARNINGS. See online help for details.
E:\junior1\ComputerNet\final_project\Project3_2\Project3_2Client\Project3_2Client\client.cpp(108,15): warning C4996: 'ctime': This function or variable may be unsafe. Consider using ctime_s instead. To disable deprecation, use _CRT_SECURE_NO_WARNINGS. See online help for details.
E:\junior1\ComputerNet\final_project\Project3_2\Project3_2Client\Project3_2Client\client.cpp(115,15): warning C4996: 'ctime': This function or variable may be unsafe. Consider using ctime_s instead. To disable deprecation, use _CRT_SECURE_NO_WARNINGS. See online help for details.
E:\junior1\ComputerNet\final_project\Project3_2\Project3_2Client\Project3_2Client\client.cpp(130,16): warning C4996: 'ctime': This function or variable may be unsafe. Consider using ctime_s instead. To disable deprecation, use _CRT_SECURE_NO_WARNINGS. See online help for details.
E:\junior1\ComputerNet\final_project\Project3_2\Project3_2Client\Project3_2Client\client.cpp(148,16): warning C4996: 'ctime': This function or variable may be unsafe. Consider using ctime_s instead. To disable deprecation, use _CRT_SECURE_NO_WARNINGS. See online help for details.
E:\junior1\ComputerNet\final_project\Project3_2\Project3_2Client\Project3_2Client\client.cpp(166,15): warning C4996: 'ctime': This function or variable may be unsafe. Consider using ctime_s instead. To disable deprecation, use _CRT_SECURE_NO_WARNINGS. See online help for details.
E:\junior1\ComputerNet\final_project\Project3_2\Project3_2Client\Project3_2Client\client.cpp(174,15): warning C4996: 'ctime': This function or variable may be unsafe. Consider using ctime_s instead. To disable deprecation, use _CRT_SECURE_NO_WARNINGS. See online help for details.
E:\junior1\ComputerNet\final_project\Project3_2\Project3_2Client\Project3_2Client\client.cpp(217,15): warning C4996: 'ctime': This function or variable may be unsafe. Consider using ctime_s instead. To disable deprecation, use _CRT_SECURE_NO_WARNINGS. See online help for details.
E:\junior1\ComputerNet\final_project\Project3_2\Project3_2Client\Project3_2Client\client.cpp(224,15): warning C4996: 'ctime': This function or variable may be unsafe. Consider using ctime_s instead. To disable deprecation, use _CRT_SECURE_NO_WARNINGS. See online help for details.
E:\junior1\ComputerNet\final_project\Project3_2\Project3_2Client\Project3_2Client\client.cpp(240,16): warning C4996: 'ctime': This function or variable may be unsafe. Consider using ctime_s instead. To disable deprecation, use _CRT_SECURE_NO_WARNINGS. See online help for details.
E:\junior1\ComputerNet\final_project\Project3_2\Project3_2Client\Project3_2Client\client.cpp(259,16): warning C4996: 'ctime': This function or variable may be unsafe. Consider using ctime_s instead. To disable deprecation, use _CRT_SECURE_NO_WARNINGS. See online help for details.
E:\junior1\ComputerNet\final_project\Project3_2\Project3_2Client\Project3_2Client\client.cpp(291,16): warning C4996: 'ctime': This function or variable may be unsafe. Consider using ctime_s instead. To disable deprecation, use _CRT_SECURE_NO_WARNINGS. See online help for details.
E:\junior1\ComputerNet\final_project\Project3_2\Project3_2Client\Project3_2Client\client.cpp(309,15): warning C4996: 'ctime': This function or variable may be unsafe. Consider using ctime_s instead. To disable deprecation, use _CRT_SECURE_NO_WARNINGS. See online help for details.
E:\junior1\ComputerNet\final_project\Project3_2\Project3_2Client\Project3_2Client\client.cpp(316,15): warning C4996: 'ctime': This function or variable may be unsafe. Consider using ctime_s instead. To disable deprecation, use _CRT_SECURE_NO_WARNINGS. See online help for details.
E:\junior1\ComputerNet\final_project\Project3_2\Project3_2Client\Project3_2Client\client.cpp(331,16): warning C4996: 'ctime': This function or variable may be unsafe. Consider using ctime_s instead. To disable deprecation, use _CRT_SECURE_NO_WARNINGS. See online help for details.
E:\junior1\ComputerNet\final_project\Project3_2\Project3_2Client\Project3_2Client\client.cpp(364,18): warning C4018: “<=”: 有符号/无符号不匹配
E:\junior1\ComputerNet\final_project\Project3_2\Project3_2Client\Project3_2Client\client.cpp(411,37): warning C4018: “<=”: 有符号/无符号不匹配
E:\junior1\ComputerNet\final_project\Project3_2\Project3_2Client\Project3_2Client\client.cpp(442,27): warning C4018: “>=”: 有符号/无符号不匹配
E:\junior1\ComputerNet\final_project\Project3_2\Project3_2Client\Project3_2Client\client.cpp(447,28): warning C4018: “<=”: 有符号/无符号不匹配
E:\junior1\ComputerNet\final_project\Project3_2\Project3_2Client\Project3_2Client\client.cpp(517,37): warning C4018: “<=”: 有符号/无符号不匹配
E:\junior1\ComputerNet\final_project\Project3_2\Project3_2Client\Project3_2Client\client.cpp(354,14): warning C4996: 'ctime': This function or variable may be unsafe. Consider using ctime_s instead. To disable deprecation, use _CRT_SECURE_NO_WARNINGS. See online help for details.
E:\junior1\ComputerNet\final_project\Project3_2\Project3_2Client\Project3_2Client\client.cpp(380,16): warning C4996: 'ctime': This function or variable may be unsafe. Consider using ctime_s instead. To disable deprecation, use _CRT_SECURE_NO_WARNINGS. See online help for details.
E:\junior1\ComputerNet\final_project\Project3_2\Project3_2Client\Project3_2Client\client.cpp(387,16): warning C4996: 'ctime': This function or variable may be unsafe. Consider using ctime_s instead. To disable deprecation, use _CRT_SECURE_NO_WARNINGS. See online help for details.
E:\junior1\ComputerNet\final_project\Project3_2\Project3_2Client\Project3_2Client\client.cpp(425,18): warning C4996: 'ctime': This function or variable may be unsafe. Consider using ctime_s instead. To disable deprecation, use _CRT_SECURE_NO_WARNINGS. See online help for details.
E:\junior1\ComputerNet\final_project\Project3_2\Project3_2Client\Project3_2Client\client.cpp(461,17): warning C4996: 'ctime': This function or variable may be unsafe. Consider using ctime_s instead. To disable deprecation, use _CRT_SECURE_NO_WARNINGS. See online help for details.
E:\junior1\ComputerNet\final_project\Project3_2\Project3_2Client\Project3_2Client\client.cpp(491,16): warning C4996: 'ctime': This function or variable may be unsafe. Consider using ctime_s instead. To disable deprecation, use _CRT_SECURE_NO_WARNINGS. See online help for details.
E:\junior1\ComputerNet\final_project\Project3_2\Project3_2Client\Project3_2Client\client.cpp(498,16): warning C4996: 'ctime': This function or variable may be unsafe. Consider using ctime_s instead. To disable deprecation, use _CRT_SECURE_NO_WARNINGS. See online help for details.
E:\junior1\ComputerNet\final_project\Project3_2\Project3_2Client\Project3_2Client\client.cpp(531,18): warning C4996: 'ctime': This function or variable may be unsafe. Consider using ctime_s instead. To disable deprecation, use _CRT_SECURE_NO_WARNINGS. See online help for details.
E:\junior1\ComputerNet\final_project\Project3_2\Project3_2Client\Project3_2Client\client.cpp(553,16): warning C4996: 'ctime': This function or variable may be unsafe. Consider using ctime_s instead. To disable deprecation, use _CRT_SECURE_NO_WARNINGS. See online help for details.
E:\junior1\ComputerNet\final_project\Project3_2\Project3_2Client\Project3_2Client\client.cpp(581,15): warning C4996: 'ctime': This function or variable may be unsafe. Consider using ctime_s instead. To disable deprecation, use _CRT_SECURE_NO_WARNINGS. See online help for details.
E:\junior1\ComputerNet\final_project\Project3_2\Project3_2Client\Project3_2Client\client.cpp(588,15): warning C4996: 'ctime': This function or variable may be unsafe. Consider using ctime_s instead. To disable deprecation, use _CRT_SECURE_NO_WARNINGS. See online help for details.
E:\junior1\ComputerNet\final_project\Project3_2\Project3_2Client\Project3_2Client\client.cpp(595,31): warning C4996: 'inet_addr': Use inet_pton() or InetPton() instead or define _WINSOCK_DEPRECATED_NO_WARNINGS to disable deprecated API warnings
E:\junior1\ComputerNet\final_project\Project3_2\Project3_2Client\Project3_2Client\client.cpp(605,15): warning C4996: 'ctime': This function or variable may be unsafe. Consider using ctime_s instead. To disable deprecation, use _CRT_SECURE_NO_WARNINGS. See online help for details.
E:\junior1\ComputerNet\final_project\Project3_2\Project3_2Client\Project3_2Client\client.cpp(612,15): warning C4996: 'ctime': This function or variable may be unsafe. Consider using ctime_s instead. To disable deprecation, use _CRT_SECURE_NO_WARNINGS. See online help for details.
E:\junior1\ComputerNet\final_project\Project3_2\Project3_2Client\Project3_2Client\client.cpp(622,14): warning C4996: 'ctime': This function or variable may be unsafe. Consider using ctime_s instead. To disable deprecation, use _CRT_SECURE_NO_WARNINGS. See online help for details.
E:\junior1\ComputerNet\final_project\Project3_2\Project3_2Client\Project3_2Client\client.cpp(628,14): warning C4996: 'ctime': This function or variable may be unsafe. Consider using ctime_s instead. To disable deprecation, use _CRT_SECURE_NO_WARNINGS. See online help for details.
E:\junior1\ComputerNet\final_project\Project3_2\Project3_2Client\Project3_2Client\client.cpp(633,14): warning C4996: 'ctime': This function or variable may be unsafe. Consider using ctime_s instead. To disable deprecation, use _CRT_SECURE_NO_WARNINGS. See online help for details.
E:\junior1\ComputerNet\final_project\Project3_2\Project3_2Client\Project3_2Client\client.cpp(637,14): warning C4996: 'ctime': This function or variable may be unsafe. Consider using ctime_s instead. To disable deprecation, use _CRT_SECURE_NO_WARNINGS. See online help for details.
E:\junior1\ComputerNet\final_project\Project3_2\Project3_2Client\Project3_2Client\client.cpp(657,14): warning C4996: 'ctime': This function or variable may be unsafe. Consider using ctime_s instead. To disable deprecation, use _CRT_SECURE_NO_WARNINGS. See online help for details.
E:\junior1\ComputerNet\final_project\Project3_2\Project3_2Client\Project3_2Client\client.cpp(671,15): warning C4996: 'ctime': This function or variable may be unsafe. Consider using ctime_s instead. To disable deprecation, use _CRT_SECURE_NO_WARNINGS. See online help for details.
E:\junior1\ComputerNet\final_project\Project3_2\Project3_2Client\Project3_2Client\client.cpp(678,15): warning C4996: 'ctime': This function or variable may be unsafe. Consider using ctime_s instead. To disable deprecation, use _CRT_SECURE_NO_WARNINGS. See online help for details.
  Project3_2Client.vcxproj -> E:\junior1\ComputerNet\final_project\Project3_2\Project3_2Client\Debug\Project3_2Client.exe
